Flow report for serial
Fri Jan 17 14:31:52 2025
Quartus Prime Version 18.0.0 Build 614 04/24/2018 SJ Standard Edition


---------------------
; Table of Contents ;
---------------------
  1. Legal Notice
  2. Flow Summary
  3. Flow Settings
  4. Flow Non-Default Global Settings
  5. Flow Elapsed Time
  6. Flow OS Summary
  7. Flow Log
  8. Flow Messages
  9. Flow Suppressed Messages



----------------
; Legal Notice ;
----------------
Copyright (C) 2018  Intel Corporation. All rights reserved.
Your use of Intel Corporation's design tools, logic functions 
and other software and tools, and its AMPP partner logic 
functions, and any output files from any of the foregoing 
(including device programming or simulation files), and any 
associated documentation or information are expressly subject 
to the terms and conditions of the Intel Program License 
Subscription Agreement, the Intel Quartus Prime License Agreement,
the Intel FPGA IP License Agreement, or other applicable license
agreement, including, without limitation, that your use is for
the sole purpose of programming logic devices manufactured by
Intel and sold by Intel or its authorized distributors.  Please
refer to the applicable agreement for further details.



+--------------------------------------------------------------------------------------+
; Flow Summary                                                                         ;
+------------------------------------+-------------------------------------------------+
; Flow Status                        ; Successful - Fri Jan 17 14:31:52 2025           ;
; Quartus Prime Version              ; 18.0.0 Build 614 04/24/2018 SJ Standard Edition ;
; Revision Name                      ; serial                                          ;
; Top-level Entity Name              ; serial                                          ;
; Family                             ; Cyclone IV E                                    ;
; Device                             ; EP4CE6E22C8                                     ;
; Timing Models                      ; Final                                           ;
; Total logic elements               ; 69 / 6,272 ( 1 % )                              ;
;     Total combinational functions  ; 69 / 6,272 ( 1 % )                              ;
;     Dedicated logic registers      ; 0 / 6,272 ( 0 % )                               ;
; Total registers                    ; 0                                               ;
; Total pins                         ; 55 / 92 ( 60 % )                                ;
; Total virtual pins                 ; 0                                               ;
; Total memory bits                  ; 0 / 276,480 ( 0 % )                             ;
; Embedded Multiplier 9-bit elements ; 0 / 30 ( 0 % )                                  ;
; Total PLLs                         ; 0 / 2 ( 0 % )                                   ;
+------------------------------------+-------------------------------------------------+


+-----------------------------------------+
; Flow Settings                           ;
+-------------------+---------------------+
; Option            ; Setting             ;
+-------------------+---------------------+
; Start date & time ; 01/17/2025 13:55:08 ;
; Main task         ; Compilation         ;
; Revision Name     ; serial              ;
+-------------------+---------------------+


+-----------------------------------------------------------------------------------------------------------------------------------+
; Flow Non-Default Global Settings                                                                                                  ;
+-------------------------------------+----------------------------------------+---------------+-------------+----------------------+
; Assignment Name                     ; Value                                  ; Default Value ; Entity Name ; Section Id           ;
+-------------------------------------+----------------------------------------+---------------+-------------+----------------------+
; COMPILER_SIGNATURE_ID               ; 224475024682319.173709330828400        ; --            ; --          ; --                   ;
; EDA_DESIGN_ENTRY_SYNTHESIS_TOOL     ; Synplify Pro                           ; <None>        ; --          ; --                   ;
; EDA_INPUT_DATA_FORMAT               ; Vqm                                    ; --            ; --          ; eda_design_synthesis ;
; EDA_LMF_FILE                        ; synplcty.lmf                           ; --            ; --          ; eda_design_synthesis ;
; EDA_OUTPUT_DATA_FORMAT              ; Vhdl                                   ; --            ; --          ; eda_simulation       ;
; EDA_SIMULATION_TOOL                 ; ModelSim (VHDL)                        ; <None>        ; --          ; --                   ;
; EDA_TIME_SCALE                      ; 1 ps                                   ; --            ; --          ; eda_simulation       ;
; MAX_CORE_JUNCTION_TEMP              ; 85                                     ; --            ; --          ; --                   ;
; MIN_CORE_JUNCTION_TEMP              ; 0                                      ; --            ; --          ; --                   ;
; NOMINAL_CORE_SUPPLY_VOLTAGE         ; 1.2V                                   ; --            ; --          ; --                   ;
; PARTITION_COLOR                     ; -- (Not supported for targeted family) ; --            ; --          ; Top                  ;
; PARTITION_FITTER_PRESERVATION_LEVEL ; -- (Not supported for targeted family) ; --            ; --          ; Top                  ;
; PARTITION_NETLIST_TYPE              ; -- (Not supported for targeted family) ; --            ; --          ; Top                  ;
; PROJECT_OUTPUT_DIRECTORY            ; output_files                           ; --            ; --          ; --                   ;
+-------------------------------------+----------------------------------------+---------------+-------------+----------------------+


+--------------------------------------------------------------------------------------------------------------------------+
; Flow Elapsed Time                                                                                                        ;
+----------------------+--------------+-------------------------+---------------------+------------------------------------+
; Module Name          ; Elapsed Time ; Average Processors Used ; Peak Virtual Memory ; Total CPU Time (on all processors) ;
+----------------------+--------------+-------------------------+---------------------+------------------------------------+
; Analysis & Synthesis ; 00:00:07     ; 1.0                     ; 4776 MB             ; 00:00:13                           ;
; Fitter               ; 00:00:02     ; 1.1                     ; 6491 MB             ; 00:00:03                           ;
; Assembler            ; 00:00:00     ; 1.0                     ; 4672 MB             ; 00:00:00                           ;
; Timing Analyzer      ; 00:00:01     ; 1.1                     ; 4881 MB             ; 00:00:01                           ;
; EDA Netlist Writer   ; 00:00:01     ; 1.0                     ; 4639 MB             ; 00:00:01                           ;
; EDA Netlist Writer   ; 00:00:01     ; 1.0                     ; 4623 MB             ; 00:00:00                           ;
; EDA Netlist Writer   ; 00:00:01     ; 1.0                     ; 4640 MB             ; 00:00:01                           ;
; Total                ; 00:00:13     ; --                      ; --                  ; 00:00:19                           ;
+----------------------+--------------+-------------------------+---------------------+------------------------------------+


+------------------------------------------------------------------------------------+
; Flow OS Summary                                                                    ;
+----------------------+------------------+------------+------------+----------------+
; Module Name          ; Machine Hostname ; OS Name    ; OS Version ; Processor type ;
+----------------------+------------------+------------+------------+----------------+
; Analysis & Synthesis ; Beginner         ; Windows 10 ; 10.0       ; x86_64         ;
; Fitter               ; Beginner         ; Windows 10 ; 10.0       ; x86_64         ;
; Assembler            ; Beginner         ; Windows 10 ; 10.0       ; x86_64         ;
; Timing Analyzer      ; Beginner         ; Windows 10 ; 10.0       ; x86_64         ;
; EDA Netlist Writer   ; Beginner         ; Windows 10 ; 10.0       ; x86_64         ;
; EDA Netlist Writer   ; Beginner         ; Windows 10 ; 10.0       ; x86_64         ;
; EDA Netlist Writer   ; Beginner         ; Windows 10 ; 10.0       ; x86_64         ;
+----------------------+------------------+------------+------------+----------------+


------------
; Flow Log ;
------------
quartus_map --read_settings_files=on --write_settings_files=off serial -c serial
quartus_fit --read_settings_files=off --write_settings_files=off serial -c serial
quartus_asm --read_settings_files=off --write_settings_files=off serial -c serial
quartus_sta serial -c serial
quartus_eda --read_settings_files=off --write_settings_files=off serial -c serial
quartus_eda --gen_testbench --tool=modelsim_oem --format=verilog --write_settings_files=off serial -c serial --vector_source=D:/Desktop/serial/Waveform.vwf --testbench_file=D:/Desktop/serial/simulation/qsim/Waveform.vwf.vt
quartus_eda --write_settings_files=off --simulation=on --functional=off --flatten_buses=off --timescale=1ps --tool=modelsim_oem --format=verilog --output_directory=D:/Desktop/serial/simulation/qsim/ serial -c serial



